app/build/intermediates/manifest_merge_blame_file/debug/manifest-merger-blame-debug-report.txt
1<?xml version="1.0" encoding="utf-8"?>
2<manifest xmlns:android="http://schemas.android.com/apk/res/android"
3    package="com.ryomen.bikee"
4    android:versionCode="1"
5    android:versionName="1.2" >
6
7    <uses-sdk
8        android:minSdkVersion="21"
8-->src/main/AndroidManifest.xml
9        android:targetSdkVersion="33" />
9-->src/main/AndroidManifest.xml
10
11    <!-- 📡 Bluetooth & Location permissions -->
12    <uses-permission android:name="android.permission.BLUETOOTH" />
12-->src/main/AndroidManifest.xml:6:5-68
12-->src/main/AndroidManifest.xml:6:22-65
13    <uses-permission android:name="android.permission.BLUETOOTH_ADMIN" />
13-->src/main/AndroidManifest.xml:7:5-74
13-->src/main/AndroidManifest.xml:7:22-71
14    <uses-permission android:name="android.permission.ACCESS_FINE_LOCATION" />
14-->src/main/AndroidManifest.xml:8:5-79
14-->src/main/AndroidManifest.xml:8:22-76
15
16    <!-- 📱 Android 12+ Bluetooth permissions -->
17    <uses-permission
17-->src/main/AndroidManifest.xml:11:5-101
18        android:name="android.permission.BLUETOOTH_CONNECT"
18-->src/main/AndroidManifest.xml:11:22-73
19        android:required="false" />
19-->src/main/AndroidManifest.xml:11:74-98
20    <uses-permission
20-->src/main/AndroidManifest.xml:12:5-98
21        android:name="android.permission.BLUETOOTH_SCAN"
21-->src/main/AndroidManifest.xml:12:22-70
22        android:required="false" />
22-->src/main/AndroidManifest.xml:12:71-95
23
24    <!-- 🎤 Voice & Internet -->
25    <uses-permission android:name="android.permission.RECORD_AUDIO" />
25-->src/main/AndroidManifest.xml:15:5-71
25-->src/main/AndroidManifest.xml:15:22-68
26    <uses-permission android:name="android.permission.INTERNET" />
26-->src/main/AndroidManifest.xml:16:5-67
26-->src/main/AndroidManifest.xml:16:22-64
27
28    <queries>
28-->[com.itsaky.androidide:logsender:2.7.1-beta-f5231daa5-SNAPSHOT] AndroidManifest.xml:23:5-25:15
29        <package android:name="com.itsaky.androidide" />
29-->[com.itsaky.androidide:logsender:2.7.1-beta-f5231daa5-SNAPSHOT] AndroidManifest.xml:24:9-57
29-->[com.itsaky.androidide:logsender:2.7.1-beta-f5231daa5-SNAPSHOT] AndroidManifest.xml:24:18-54
30    </queries>
31
32    <uses-permission android:name="com.itsaky.androidide.permission.BIND_LOG_SERVICE" />
32-->[com.itsaky.androidide:logsender:2.7.1-beta-f5231daa5-SNAPSHOT] AndroidManifest.xml:28:5-89
32-->[com.itsaky.androidide:logsender:2.7.1-beta-f5231daa5-SNAPSHOT] AndroidManifest.xml:28:22-86
33    <uses-permission android:name="android.permission.FOREGROUND_SERVICE" />
33-->[com.itsaky.androidide:logsender:2.7.1-beta-f5231daa5-SNAPSHOT] AndroidManifest.xml:29:5-77
33-->[com.itsaky.androidide:logsender:2.7.1-beta-f5231daa5-SNAPSHOT] AndroidManifest.xml:29:22-74
34
35    <permission
35-->[androidx.core:core:1.9.0] AndroidManifest.xml:22:5-24:47
36        android:name="com.ryomen.bikee.DYNAMIC_RECEIVER_NOT_EXPORTED_PERMISSION"
36-->[androidx.core:core:1.9.0] AndroidManifest.xml:23:9-81
37        android:protectionLevel="signature" />
37-->[androidx.core:core:1.9.0] AndroidManifest.xml:24:9-44
38
39    <uses-permission android:name="com.ryomen.bikee.DYNAMIC_RECEIVER_NOT_EXPORTED_PERMISSION" />
39-->[androidx.core:core:1.9.0] AndroidManifest.xml:26:5-97
39-->[androidx.core:core:1.9.0] AndroidManifest.xml:26:22-94
40
41    <application
41-->src/main/AndroidManifest.xml:18:5-59:19
42        android:allowBackup="true"
42-->src/main/AndroidManifest.xml:19:9-35
43        android:appComponentFactory="androidx.core.app.CoreComponentFactory"
43-->[androidx.core:core:1.9.0] AndroidManifest.xml:28:18-86
44        android:debuggable="true"
45        android:icon="@mipmap/ic_launcher"
45-->src/main/AndroidManifest.xml:20:9-43
46        android:label="@string/app_name"
46-->src/main/AndroidManifest.xml:22:9-41
47        android:roundIcon="@mipmap/ic_launcher"
47-->src/main/AndroidManifest.xml:21:9-48
48        android:supportsRtl="true"
48-->src/main/AndroidManifest.xml:23:9-35
49        android:theme="@style/Theme.Bikee" >
49-->src/main/AndroidManifest.xml:24:9-43
50
51        <!-- 🏍️ Main Activity -->
52        <activity
52-->src/main/AndroidManifest.xml:27:9-39:20
53            android:name="com.ryomen.bikee.MainActivity"
53-->src/main/AndroidManifest.xml:28:13-41
54            android:exported="true"
54-->src/main/AndroidManifest.xml:30:13-36
55            android:launchMode="singleTop" >
55-->src/main/AndroidManifest.xml:29:13-43
56
57            <!-- 📱 Launcher icon -->
58            <intent-filter>
58-->src/main/AndroidManifest.xml:33:13-36:29
59                <action android:name="android.intent.action.MAIN" />
59-->src/main/AndroidManifest.xml:34:17-69
59-->src/main/AndroidManifest.xml:34:25-66
60
61                <category android:name="android.intent.category.LAUNCHER" />
61-->src/main/AndroidManifest.xml:35:17-77
61-->src/main/AndroidManifest.xml:35:27-74
62            </intent-filter>
63
64            <!-- 🔗 Assistant trigger (e.g. bikee://start_bike) -->
65        </activity>
66
67        <!-- 🎯 Broadcast-only receiver -->
68        <receiver
68-->src/main/AndroidManifest.xml:42:9-46:20
69            android:name="com.ryomen.bikee.StartBikeReceiver"
69-->src/main/AndroidManifest.xml:42:19-52
70            android:exported="true" >
70-->src/main/AndroidManifest.xml:42:53-76
71            <intent-filter>
71-->src/main/AndroidManifest.xml:43:13-45:29
72                <action android:name="com.ryomen.bikee.START_BIKE" />
72-->src/main/AndroidManifest.xml:44:17-70
72-->src/main/AndroidManifest.xml:44:25-67
73            </intent-filter>
74        </receiver>
75
76        <!-- 🔌 Bluetooth logic -->
77        <service
77-->src/main/AndroidManifest.xml:49:9-78
78            android:name="com.ryomen.bikee.BluetoothService"
78-->src/main/AndroidManifest.xml:49:18-50
79            android:exported="false" />
79-->src/main/AndroidManifest.xml:49:51-75
80
81        <!-- 🧠 Command editor -->
82        <activity
82-->src/main/AndroidManifest.xml:52:9-54:39
83            android:name="com.ryomen.bikee.CommandEditActivity"
83-->src/main/AndroidManifest.xml:53:13-48
84            android:exported="true" />
84-->src/main/AndroidManifest.xml:54:13-36
85
86        <!-- ⛔ Removed shortcut meta-data to prevent launching Activity -->
87        <!-- 🚫 <meta-data android:name="android.app.shortcuts" android:resource="@xml/shortcuts" /> -->
88
89        <provider
89-->[com.itsaky.androidide:logsender:2.7.1-beta-f5231daa5-SNAPSHOT] AndroidManifest.xml:32:9-36:40
90            android:name="com.itsaky.androidide.logsender.utils.LogSenderInstaller"
90-->[com.itsaky.androidide:logsender:2.7.1-beta-f5231daa5-SNAPSHOT] AndroidManifest.xml:33:13-84
91            android:authorities="com.ryomen.bikee.logsender-installer"
91-->[com.itsaky.androidide:logsender:2.7.1-beta-f5231daa5-SNAPSHOT] AndroidManifest.xml:34:13-71
92            android:enabled="@bool/logsender_enabled"
92-->[com.itsaky.androidide:logsender:2.7.1-beta-f5231daa5-SNAPSHOT] AndroidManifest.xml:35:13-54
93            android:exported="false" />
93-->[com.itsaky.androidide:logsender:2.7.1-beta-f5231daa5-SNAPSHOT] AndroidManifest.xml:36:13-37
94
95        <service
95-->[com.itsaky.androidide:logsender:2.7.1-beta-f5231daa5-SNAPSHOT] AndroidManifest.xml:38:9-41:56
96            android:name="com.itsaky.androidide.logsender.LogSenderService"
96-->[com.itsaky.androidide:logsender:2.7.1-beta-f5231daa5-SNAPSHOT] AndroidManifest.xml:39:13-76
97            android:exported="false"
97-->[com.itsaky.androidide:logsender:2.7.1-beta-f5231daa5-SNAPSHOT] AndroidManifest.xml:40:13-37
98            android:foregroundServiceType="dataSync" />
98-->[com.itsaky.androidide:logsender:2.7.1-beta-f5231daa5-SNAPSHOT] AndroidManifest.xml:41:13-53
99
100        <provider
100-->[androidx.emoji2:emoji2:1.2.0] AndroidManifest.xml:24:9-32:20
101            android:name="androidx.startup.InitializationProvider"
101-->[androidx.emoji2:emoji2:1.2.0] AndroidManifest.xml:25:13-67
102            android:authorities="com.ryomen.bikee.androidx-startup"
102-->[androidx.emoji2:emoji2:1.2.0] AndroidManifest.xml:26:13-68
103            android:exported="false" >
103-->[androidx.emoji2:emoji2:1.2.0] AndroidManifest.xml:27:13-37
104            <meta-data
104-->[androidx.emoji2:emoji2:1.2.0] AndroidManifest.xml:29:13-31:52
105                android:name="androidx.emoji2.text.EmojiCompatInitializer"
105-->[androidx.emoji2:emoji2:1.2.0] AndroidManifest.xml:30:17-75
106                android:value="androidx.startup" />
106-->[androidx.emoji2:emoji2:1.2.0] AndroidManifest.xml:31:17-49
107            <meta-data
107-->[androidx.lifecycle:lifecycle-process:2.4.1] AndroidManifest.xml:31:13-33:52
108                android:name="androidx.lifecycle.ProcessLifecycleInitializer"
108-->[androidx.lifecycle:lifecycle-process:2.4.1] AndroidManifest.xml:32:17-78
109                android:value="androidx.startup" />
109-->[androidx.lifecycle:lifecycle-process:2.4.1] AndroidManifest.xml:33:17-49
110        </provider>
111    </application>
112
113</manifest>